\BOOKMARK [0][-]{chapter.1}{\376\377\000W\000s\000t\001\031\000p}{}% 1
\BOOKMARK [0][-]{chapter.2}{\376\377\000E\000l\000e\000m\000e\000n\000t\000y\000\040\000w\000s\000p\000\363\000l\000n\000e\000\040\000w\000s\000z\000y\000s\000t\000k\000i\000m\000\040\000o\000b\000r\000z\001\031\000d\000o\000m}{}% 2
\BOOKMARK [1][-]{section.2.1}{\376\377\000S\000c\000h\000e\000m\000a\000t\000\040\000o\000b\000r\000z\001\031\000d\000u}{chapter.2}% 3
\BOOKMARK [2][-]{subsection.2.1.1}{\376\377\000U\000s\000t\000a\000n\000a\000w\000i\000a\000n\000i\000e\000\040\000k\000r\001\031\000g\000u}{section.2.1}% 4
\BOOKMARK [2][-]{subsection.2.1.2}{\376\377\000K\000o\000r\000z\000y\000s\000t\000a\000n\000i\000e\000\040\000z\000\040\000o\000c\000z\000y\000s\000z\000c\000z\000a\000j\001\005\000c\000e\000j\000\040\000m\000o\000c\000y\000\040\001\174\000y\000w\000i\000o\001\102\000\363\000w}{section.2.1}% 5
\BOOKMARK [2][-]{subsection.2.1.3}{\376\377\000N\000i\000e\000c\000e\000n\000i\000e\000\040\000o\000g\000n\000i\000a\000\040\000i\000\040\000w\000r\000\363\001\174\000b\000a\000\040\000z\000\040\000o\000g\000n\000i\000a}{section.2.1}% 6
\BOOKMARK [2][-]{subsection.2.1.4}{\376\377\000M\000o\000d\001\102\000y\000\040\000d\000z\000i\001\031\000k\000c\000z\000y\000n\000n\000o\000-\000b\001\102\000a\000g\000a\000l\000n\000e\000\040\000z\000e\000\040\000s\000k\001\102\000a\000d\000a\000n\000i\000e\000m\000\040\000o\000f\000i\000a\000r}{section.2.1}% 7
\BOOKMARK [2][-]{subsection.2.1.5}{\376\377\000D\000o\000b\000\363\000r\000\040\000o\000f\000i\000a\000r}{section.2.1}% 8
\BOOKMARK [2][-]{subsection.2.1.6}{\376\377\000Z\000d\000r\000a\000w\000i\000c\000a}{section.2.1}% 9
\BOOKMARK [2][-]{subsection.2.1.7}{\376\377\001\132\000w\000i\001\031\000c\000e\000n\000i\000e\000\040\000p\000r\000z\000e\000d\000m\000i\000o\000t\000\363\000w}{section.2.1}% 10
\BOOKMARK [2][-]{subsection.2.1.8}{\376\377\000B\000i\000e\000s\000i\000a\000d\000a\000\040\000i\000\040\000w\000r\000\363\001\174\000b\000y}{section.2.1}% 11
\BOOKMARK [1][-]{section.2.2}{\376\377\000O\000r\000g\000a\000n\000i\000z\000a\000c\000j\000a\000\040\000o\000b\000r\000z\001\031\000d\000u}{chapter.2}% 12
\BOOKMARK [2][-]{subsection.2.2.1}{\376\377\000M\000i\000e\000j\000s\000c\000e\000\040\000i\000\040\000c\000z\000a\000s}{section.2.2}% 13
\BOOKMARK [2][-]{subsection.2.2.2}{\376\377\000P\000i\000e\000n\000i\001\005\000d\000z\000e}{section.2.2}% 14
\BOOKMARK [2][-]{subsection.2.2.3}{\376\377\000W\000y\000s\000i\001\102\000e\000k\000\040\000l\000u\000d\000z\000k\000i}{section.2.2}% 15
\BOOKMARK [2][-]{subsection.2.2.4}{\376\377\000D\000o\000d\000a\000t\000k\000i\000\040\000i\000\040\000a\000t\000r\000a\000k\000c\000j\000e}{section.2.2}% 16
\BOOKMARK [2][-]{subsection.2.2.5}{\376\377\000P\000o\000r\000z\001\005\000d\000e\000k}{section.2.2}% 17
\BOOKMARK [0][-]{chapter.3}{\376\377\000C\000y\000k\000l\000\040\000r\000o\000c\000z\000n\000y}{}% 18
\BOOKMARK [1][-]{section.3.1}{\376\377\000J\000a\000r\000e\000\040\000G\000o\000d\000y}{chapter.3}% 19
\BOOKMARK [2][-]{subsection.3.1.1}{\376\377\000O\000d\000\040\000s\000t\000r\000o\000n\000y\000\040\000r\000y\000t\000u\000a\000l\000n\000e\000j}{section.3.1}% 20
\BOOKMARK [3][-]{subsubsection.3.1.1.1}{\376\377\000P\000a\000l\000e\000n\000i\000e\000/\000T\000o\000p\000i\000e\000n\000i\000e\000\040\000M\000a\000r\000z\000a\000n\000n\000y}{subsection.3.1.1}% 21
\BOOKMARK [3][-]{subsubsection.3.1.1.2}{\376\377\000W\000b\000i\000j\000a\000n\000i\000e\000\040\000k\000a\000m\000i\000e\000n\000n\000e\000g\000o\000\040\000c\000z\001\102\000o\000n\000k\000a\000\040\000w\000\040\000z\000i\000e\000m\000i\001\031}{subsection.3.1.1}% 22
\BOOKMARK [3][-]{subsubsection.3.1.1.3}{\376\377\000Z\000a\000k\000l\001\031\000c\000i\000e\000\040\000P\000l\000o\000n\000\363\000w}{subsection.3.1.1}% 23
\BOOKMARK [3][-]{subsubsection.3.1.1.4}{\376\377\000Z\000a\000k\000o\000p\000y\000w\000a\000n\000i\000e\000\040\000r\000e\000s\000z\000t\000e\000k\000\040\000z\000\040\000b\000i\000e\000s\000i\000a\000d\000y\000\040\000n\000a\000\040\000m\000i\000e\000d\000z\000y}{subsection.3.1.1}% 24
\BOOKMARK [3][-]{subsubsection.3.1.1.5}{\376\377\000W\000z\000y\000w\000a\000n\000e\000\040\000B\000\363\000s\000t\000w\000a}{subsection.3.1.1}% 25
\BOOKMARK [2][-]{subsection.3.1.2}{\376\377\000O\000d\000\040\000s\000t\000r\000o\000n\000y\000\040\000o\000r\000g\000a\000n\000i\000z\000a\000c\000y\000j\000n\000e\000j}{section.3.1}% 26
\BOOKMARK [3][-]{subsubsection.3.1.2.1}{\376\377\000P\000a\000l\000e\000n\000i\000e\000\040\000o\000g\000n\000i\000s\000k}{subsection.3.1.2}% 27
\BOOKMARK [3][-]{subsubsection.3.1.2.2}{\376\377\000P\000o\000r\000z\001\005\000d\000k\000i\000\040\000i\000\040\000o\000k\000a\000d\000z\000a\000n\000i\000e\000\040\000d\000o\000m\000u}{subsection.3.1.2}% 28
\BOOKMARK [3][-]{subsubsection.3.1.2.3}{\376\377\000M\000a\000l\000o\000w\000a\000n\000i\000e\000\040\000p\000i\000s\000a\000n\000e\000k}{subsection.3.1.2}% 29
\BOOKMARK [3][-]{subsubsection.3.1.2.4}{\376\377\000W\000r\000\363\001\174\000b\000a\000\040\000z\000\040\000j\000a\000j\000e\000k}{subsection.3.1.2}% 30
\BOOKMARK [3][-]{subsubsection.3.1.2.5}{\376\377\000I\000n\000n\000e\000\040\000w\000r\000\363\001\174\000b\000y\000\040\000z\000\040\000j\000a\000j\000e\000k}{subsection.3.1.2}% 31
\BOOKMARK [3][-]{subsubsection.3.1.2.6}{\376\377\001\132\000m\000i\000n\000g\000u\000s\000\040\000i\000\040\000d\000y\000n\000g\000u\000s}{subsection.3.1.2}% 32
\BOOKMARK [3][-]{subsubsection.3.1.2.7}{\376\377\000P\000o\000c\000h\000\363\000d\000\040\000w\000i\000o\000s\000e\000n\000n\000y\000\040\000z\000a\000\040\000J\000a\000r\000o\000w\000i\000t\000e\000m}{subsection.3.1.2}% 33
\BOOKMARK [3][-]{subsubsection.3.1.2.8}{\376\377\000M\000a\000r\000t\000e\000n\000i\000c\000e\000\040\000\050\000s\001\102\000o\000w\000i\000a\001\104\000s\000k\000i\000e\000\040\000l\000a\000l\000k\000i\000\040\000o\000b\000r\000z\001\031\000d\000o\000w\000e\000\051}{subsection.3.1.2}% 34
\BOOKMARK [3][-]{subsubsection.3.1.2.9}{\376\377\000C\000h\000o\000d\000z\000e\000n\000i\000e\000\040\000p\000o\000\040\000d\000o\000m\000a\000c\000h}{subsection.3.1.2}% 35
\BOOKMARK [3][-]{subsubsection.3.1.2.10}{\376\377\000K\000u\000k\001\102\000a\000\040\000D\000z\000i\000e\000w\000a\000n\000n\000y}{subsection.3.1.2}% 36
